\BOOKMARK [0][-]{chapter*.4}{Introduzione}{}% 1
\BOOKMARK [0][-]{chapter.1}{Contesto applicativo }{}% 2
\BOOKMARK [1][-]{section.1.1}{Context-aware computing}{chapter.1}% 3
\BOOKMARK [1][-]{section.1.2}{Indoor Positioning System Service}{chapter.1}% 4
\BOOKMARK [1][-]{section.1.3}{Stima della posizione}{chapter.1}% 5
\BOOKMARK [2][-]{subsection.1.3.1}{Range based}{section.1.3}% 6
\BOOKMARK [3][-]{subsubsection.1.3.1.1}{Received Signal Strength Indicator - RSSI}{subsection.1.3.1}% 7
\BOOKMARK [3][-]{subsubsection.1.3.1.2}{Time Of Arrival measurements}{subsection.1.3.1}% 8
\BOOKMARK [3][-]{subsubsection.1.3.1.3}{Time Difference Of Arrival}{subsection.1.3.1}% 9
\BOOKMARK [2][-]{subsection.1.3.2}{Angle Based}{section.1.3}% 10
\BOOKMARK [3][-]{subsubsection.1.3.2.1}{Angle of Arrival}{subsection.1.3.2}% 11
\BOOKMARK [1][-]{section.1.4}{Tecniche di localizzazione}{chapter.1}% 12
\BOOKMARK [2][-]{subsection.1.4.1}{MIN-MAX}{section.1.4}% 13
\BOOKMARK [2][-]{subsection.1.4.2}{Trilaterazione}{section.1.4}% 14
\BOOKMARK [2][-]{subsection.1.4.3}{Triangolazione}{section.1.4}% 15
\BOOKMARK [1][-]{section.1.5}{Sensor Data Fusion}{chapter.1}% 16
\BOOKMARK [0][-]{chapter.2}{Descrizione del lavoro}{}% 17
\BOOKMARK [1][-]{section.2.1}{Livello black box}{chapter.2}% 18
\BOOKMARK [1][-]{section.2.2}{Livello sottosistemi}{chapter.2}% 19
\BOOKMARK [1][-]{section.2.3}{Livello moduli}{chapter.2}% 20
\BOOKMARK [0][-]{chapter.3}{Unit\340 di misura inerziale}{}% 21
\BOOKMARK [1][-]{section.3.1}{Accelerometro}{chapter.3}% 22
\BOOKMARK [1][-]{section.3.2}{Giroscopio}{chapter.3}% 23
\BOOKMARK [1][-]{section.3.3}{Magnetometro}{chapter.3}% 24
\BOOKMARK [1][-]{section.3.4}{Modello di misura}{chapter.3}% 25
\BOOKMARK [0][-]{chapter.4}{Stima dell'assetto tramite sensor fusion}{}% 26
\BOOKMARK [1][-]{section.4.1}{Rappresentazione geometrica dell'assetto di un corpo rigido nello spazio}{chapter.4}% 27
\BOOKMARK [2][-]{subsection.4.1.1}{Matrice di rotazione}{section.4.1}% 28
\BOOKMARK [2][-]{subsection.4.1.2}{Angoli di Eulero}{section.4.1}% 29
\BOOKMARK [2][-]{subsection.4.1.3}{Quaternioni unitari}{section.4.1}% 30
\BOOKMARK [1][-]{section.4.2}{Algoritmo di sensor fusion per la stima dell'assetto}{chapter.4}% 31
\BOOKMARK [2][-]{subsection.4.2.1}{Equazioni di stato del sistema}{section.4.2}% 32
\BOOKMARK [2][-]{subsection.4.2.2}{Filtro di Kalman a due stadi}{section.4.2}% 33
\BOOKMARK [2][-]{subsection.4.2.3}{Descrizione dell'algoritmo}{section.4.2}% 34
\BOOKMARK [2][-]{subsection.4.2.4}{Trasformazione del sistema a tempo discreto}{section.4.2}% 35
\BOOKMARK [2][-]{subsection.4.2.5}{Riepilogo algoritmo step-by-step}{section.4.2}% 36
\BOOKMARK [2][-]{subsection.4.2.6}{Settaggio iniziale delle costanti}{section.4.2}% 37
\BOOKMARK [0][-]{chapter.5}{Implementazione}{}% 38
\BOOKMARK [1][-]{section.5.1}{Implementazione Hardware}{chapter.5}% 39
\BOOKMARK [2][-]{subsection.5.1.1}{Schema hardware del sistema}{section.5.1}% 40
\BOOKMARK [2][-]{subsection.5.1.2}{Canali di comunicazione}{section.5.1}% 41
\BOOKMARK [3][-]{subsubsection.5.1.2.1}{I2C}{subsection.5.1.2}% 42
\BOOKMARK [3][-]{subsubsection.5.1.2.2}{USB CDC}{subsection.5.1.2}% 43
\BOOKMARK [1][-]{section.5.2}{Implementazione Software}{chapter.5}% 44
\BOOKMARK [2][-]{subsection.5.2.1}{Diagramma Comportamentale}{section.5.2}% 45
\BOOKMARK [3][-]{subsubsection.5.2.1.1}{Diagramma del Microcontrollore}{subsection.5.2.1}% 46
\BOOKMARK [3][-]{subsubsection.5.2.1.2}{Diagramma del modulo APP}{subsection.5.2.1}% 47
\BOOKMARK [2][-]{subsection.5.2.2}{Modalit\340 di computazione}{section.5.2}% 48
\BOOKMARK [3][-]{subsubsection.5.2.2.1}{Low Computation mode}{subsection.5.2.2}% 49
\BOOKMARK [3][-]{subsubsection.5.2.2.2}{High Computation mode}{subsection.5.2.2}% 50
\BOOKMARK [3][-]{subsubsection.5.2.2.3}{Testing Computation mode}{subsection.5.2.2}% 51
\BOOKMARK [0][-]{chapter.6}{Analisi e validazione dei risultati}{}% 52
\BOOKMARK [1][-]{section.6.1}{Analisi temporale}{chapter.6}% 53
\BOOKMARK [2][-]{subsection.6.1.1}{Analisi del tempo di lettura dei dati grezzi dall'IMU}{section.6.1}% 54
\BOOKMARK [2][-]{subsection.6.1.2}{Analisi del tempo di trasmissione dei dati tramite USB}{section.6.1}% 55
\BOOKMARK [2][-]{subsection.6.1.3}{Conclusioni analisi temporale}{section.6.1}% 56
\BOOKMARK [1][-]{section.6.2}{Analisi dello zero-offset}{chapter.6}% 57
\BOOKMARK [2][-]{subsection.6.2.1}{Stima dello zero-g offset}{section.6.2}% 58
\BOOKMARK [2][-]{subsection.6.2.2}{Stima dello zero-rate offset}{section.6.2}% 59
\BOOKMARK [2][-]{subsection.6.2.3}{Conclusioni stima dello zero-offset}{section.6.2}% 60
\BOOKMARK [1][-]{section.6.3}{Analisi qualitativa dell'assetto stimato}{chapter.6}% 61
\BOOKMARK [0][-]{chapter.7}{Conclusioni e prospettive future}{}% 62
\BOOKMARK [0][-]{appendix.Alph1}{Script}{}% 63
\BOOKMARK [1][-]{section.Alph1.1}{Operativi}{appendix.Alph1}% 64
\BOOKMARK [2][-]{subsection.Alph1.1.1}{Script per la lettura dei valori misurati da Accelerometro e Giroscopio tramite I2C}{section.Alph1.1}% 65
\BOOKMARK [2][-]{subsection.Alph1.1.2}{Script di inizializzazione del micro}{section.Alph1.1}% 66
\BOOKMARK [2][-]{subsection.Alph1.1.3}{Script per la stima del tempo di trasmissione di dati al modulo App}{section.Alph1.1}% 67
\BOOKMARK [2][-]{subsection.Alph1.1.4}{Script Low Computation Mode}{section.Alph1.1}% 68
\BOOKMARK [2][-]{subsection.Alph1.1.5}{Script High Computation Mode}{section.Alph1.1}% 69
\BOOKMARK [2][-]{subsection.Alph1.1.6}{Script Test Computation Mode per il modulo Microcontrollore}{section.Alph1.1}% 70
\BOOKMARK [2][-]{subsection.Alph1.1.7}{Script Test Computation Mode per il modulo APP}{section.Alph1.1}% 71
\BOOKMARK [1][-]{section.Alph1.2}{Testing}{appendix.Alph1}% 72
\BOOKMARK [2][-]{subsection.Alph1.2.1}{Script per la stima del tempo di lettura di dati provenienti dall'IMU }{section.Alph1.2}% 73
\BOOKMARK [2][-]{subsection.Alph1.2.2}{Script per la stima del tempo di trasmissione di dati al modulo App}{section.Alph1.2}% 74
\BOOKMARK [2][-]{subsection.Alph1.2.3}{Script per il sistema ausiliario Arduino per l'analisi qualitativa}{section.Alph1.2}% 75
\BOOKMARK [0][-]{appendix.Alph2}{Filtro di Kalman}{}% 76
\BOOKMARK [1][-]{section.Alph2.1}{Descrizione teorica del filtro di Kalman}{appendix.Alph2}% 77
\BOOKMARK [1][-]{section.Alph2.2}{L'algoritmo del filtro di Kalman discreto}{appendix.Alph2}% 78
\BOOKMARK [1][-]{section.Alph2.3}{Il filtro di Kalman esteso}{appendix.Alph2}% 79
\BOOKMARK [0][-]{appendix*.5}{Bibliografia}{}% 80
